# JRE version: OpenJDK Runtime Environment Temurin-25.0.2+10 (25.0.2+10) (build 25.0.2+10-LTS)
# Java VM: OpenJDK 64-Bit Server VM Temurin-25.0.2+10 (25.0.2+10-LTS, mixed mode, sharing, tiered, compressed oops, compressed class ptrs, g1 gc, windows-amd64)
GC Precious Log:
 CardTable entry size: 512
 Card Set container configuration: InlinePtr #cards 5 size 8 Array Of Cards #cards 10 size 36 Howl #buckets 4 coarsen threshold 1843 Howl Bitmap #cards 512 size 80 coarsen threshold 460 Card regions per heap region 1 cards per card region 2048
 CPUs: 4 total, 4 available
 Memory: 7971M
 Large Page Support: Disabled
 NUMA Support: Disabled
 Compressed Oops: Enabled (32-bit)
 Heap Region Size: 1M
 Heap Min Capacity: 8M
 Heap Initial Capacity: 126M
 Heap Max Capacity: 1G
 Pre-touch: Disabled
 Parallel Workers: 4
 Concurrent Workers: 1
 Concurrent Refinement Workers: 4
 Periodic GC: Disabled
Heap:
 garbage-first heap   total reserved 1048576K, committed 111616K, used 51769K [0x00000000c0000000, 0x0000000100000000)
  region size 1024K, 1 young (1024K), 0 survivors (0K)
GC Heap Usage History (20 events):
Event: 2109.208 {heap Before GC invocations=196 (full 168):
 garbage-first heap   total reserved 1048576K, committed 111616K, used 51769K [0x00000000c0000000, 0x0000000100000000)
  region size 1024K, 1 young (1024K), 0 survivors (0K)
}
Event: 2109.331 {heap After GC invocations=197 (full 169):
 garbage-first heap   total reserved 1048576K, committed 111616K, used 51769K [0x00000000c0000000, 0x0000000100000000)
  region size 1024K, 0 young (0K), 0 survivors (0K)
}
Event: 2121.691 {heap Before GC invocations=197 (full 169):
 garbage-first heap   total reserved 1048576K, committed 111616K, used 51769K [0x00000000c0000000, 0x0000000100000000)
  region size 1024K, 1 young (1024K), 0 survivors (0K)
}
Event: 2121.833 {heap After GC invocations=198 (full 170):
 garbage-first heap   total reserved 1048576K, committed 111616K, used 51769K [0x00000000c0000000, 0x0000000100000000)
  region size 1024K, 0 young (0K), 0 survivors (0K)
}
Event: 2132.892 {heap Before GC invocations=198 (full 170):
 garbage-first heap   total reserved 1048576K, committed 111616K, used 51769K [0x00000000c0000000, 0x0000000100000000)
  region size 1024K, 1 young (1024K), 0 survivors (0K)
}
Event: 2133.041 {heap After GC invocations=199 (full 171):
 garbage-first heap   total reserved 1048576K, committed 111616K, used 51769K [0x00000000c0000000, 0x0000000100000000)
  region size 1024K, 0 young (0K), 0 survivors (0K)
}
Event: 2144.553 {heap Before GC invocations=199 (full 171):
 garbage-first heap   total reserved 1048576K, committed 111616K, used 51769K [0x00000000c0000000, 0x0000000100000000)
  region size 1024K, 1 young (1024K), 0 survivors (0K)
}
Event: 2144.708 {heap After GC invocations=200 (full 172):
 garbage-first heap   total reserved 1048576K, committed 111616K, used 51769K [0x00000000c0000000, 0x0000000100000000)
  region size 1024K, 0 young (0K), 0 survivors (0K)
}
Event: 2155.815 {heap Before GC invocations=200 (full 172):
 garbage-first heap   total reserved 1048576K, committed 111616K, used 51769K [0x00000000c0000000, 0x0000000100000000)
  region size 1024K, 1 young (1024K), 0 survivors (0K)
}
Event: 2155.939 {heap After GC invocations=201 (full 173):
 garbage-first heap   total reserved 1048576K, committed 111616K, used 51769K [0x00000000c0000000, 0x0000000100000000)
  region size 1024K, 0 young (0K), 0 survivors (0K)
}
Event: 2166.985 {heap Before GC invocations=201 (full 173):
 garbage-first heap   total reserved 1048576K, committed 111616K, used 51769K [0x00000000c0000000, 0x0000000100000000)
  region size 1024K, 1 young (1024K), 0 survivors (0K)
}
Event: 2167.101 {heap After GC invocations=202 (full 174):
 garbage-first heap   total reserved 1048576K, committed 111616K, used 51769K [0x00000000c0000000, 0x0000000100000000)
  region size 1024K, 0 young (0K), 0 survivors (0K)
}
Event: 2178.863 {heap Before GC invocations=202 (full 174):
 garbage-first heap   total reserved 1048576K, committed 111616K, used 51769K [0x00000000c0000000, 0x0000000100000000)
  region size 1024K, 1 young (1024K), 0 survivors (0K)
}
Event: 2179.022 {heap After GC invocations=203 (full 175):
 garbage-first heap   total reserved 1048576K, committed 111616K, used 51769K [0x00000000c0000000, 0x0000000100000000)
  region size 1024K, 0 young (0K), 0 survivors (0K)
}
Event: 2190.001 {heap Before GC invocations=203 (full 175):
 garbage-first heap   total reserved 1048576K, committed 111616K, used 51769K [0x00000000c0000000, 0x0000000100000000)
  region size 1024K, 1 young (1024K), 0 survivors (0K)
}
Event: 2190.122 {heap After GC invocations=204 (full 176):
 garbage-first heap   total reserved 1048576K, committed 111616K, used 51769K [0x00000000c0000000, 0x0000000100000000)
  region size 1024K, 0 young (0K), 0 survivors (0K)
}
Event: 2202.812 {heap Before GC invocations=204 (full 176):
 garbage-first heap   total reserved 1048576K, committed 111616K, used 51769K [0x00000000c0000000, 0x0000000100000000)
  region size 1024K, 1 young (1024K), 0 survivors (0K)
}
Event: 2202.914 {heap After GC invocations=205 (full 177):
 garbage-first heap   total reserved 1048576K, committed 111616K, used 51769K [0x00000000c0000000, 0x0000000100000000)
  region size 1024K, 0 young (0K), 0 survivors (0K)
}
Event: 2214.153 {heap Before GC invocations=205 (full 177):
 garbage-first heap   total reserved 1048576K, committed 111616K, used 51769K [0x00000000c0000000, 0x0000000100000000)
  region size 1024K, 1 young (1024K), 0 survivors (0K)
}
Event: 2214.274 {heap After GC invocations=206 (full 178):
 garbage-first heap   total reserved 1048576K, committed 111616K, used 51769K [0x00000000c0000000, 0x0000000100000000)
  region size 1024K, 0 young (0K), 0 survivors (0K)
}

